<?xml version="1.0" encoding="UTF-8"?>
<!-- Generated by org.testng.reporters.JUnitReportReporter -->
<testsuite hostname="Shwetas-MacBook-Air.local" failures="0" tests="2" name="tests.LoginTest" time="36.009" errors="0" timestamp="2025-09-18T10:41:20 IST" skipped="0">
  <testcase classname="tests.LoginTest" name="loginTest" time="20.203"/>
  <testcase classname="tests.LoginTest" name="loginTest" time="15.806"/>
</testsuite> <!-- tests.LoginTest -->
